==============================================================================
Testsuites                                                                    
==============================================================================
Testsuites.Reqres                                                             
==============================================================================
Testsuites.Reqres.01-Users :: Testcases for user operations. Containing the...
==============================================================================
TC1 - Retrieve All Users :: Perform a GET request to retrieve all ... | PASS |
------------------------------------------------------------------------------
TC3 - Update An User :: Perform a PUT request to update an user an... | PASS |
------------------------------------------------------------------------------
TC4 - Delete An User :: Perform a DELETE request to delete an user... | PASS |
------------------------------------------------------------------------------
TC6 - Retrieve User By Id With Delay :: Perform a GET request to r... | PASS |
------------------------------------------------------------------------------
Testsuites.Reqres.01-Users :: Testcases for user operations. Conta... | PASS |
4 tests, 4 passed, 0 failed
==============================================================================
Testsuites.Reqres                                                     | PASS |
4 tests, 4 passed, 0 failed
==============================================================================
Testsuites                                                            | PASS |
4 tests, 4 passed, 0 failed
==============================================================================
Output:  D:\a\spriteCloud\spriteCloud\results\pabot_results\0\output.xml
