==============================================================================
Testsuites                                                                    
==============================================================================
Testsuites.Saucedemo :: This init file will be run before every single file...
==============================================================================
Testsuites.Saucedemo.02-Sort-Items :: This file contains the second test ca...
==============================================================================
Sort items by name Z-A                                                | PASS |
------------------------------------------------------------------------------
Sort items by name A-Z                                                | PASS |
------------------------------------------------------------------------------
Testsuites.Saucedemo.02-Sort-Items :: This file contains the secon... | PASS |
2 tests, 2 passed, 0 failed
==============================================================================
Testsuites.Saucedemo :: This init file will be run before every si... | PASS |
2 tests, 2 passed, 0 failed
==============================================================================
Testsuites                                                            | PASS |
2 tests, 2 passed, 0 failed
==============================================================================
Output:  D:\a\spriteCloud\spriteCloud\results\pabot_results\4\output.xml
