==============================================================================
Testsuites                                                                    
==============================================================================
Testsuites.Reqres                                                             
==============================================================================
Testsuites.Reqres.02-Login :: Testcases for login operations. Containing th...
==============================================================================
TC2 - Perform A Successful Login :: Perform a login request with a... | PASS |
------------------------------------------------------------------------------
TC5-2 - Login Without Password :: Perform a login request with a k... | PASS |
------------------------------------------------------------------------------
Testsuites.Reqres.02-Login :: Testcases for login operations. Cont... | PASS |
2 tests, 2 passed, 0 failed
==============================================================================
Testsuites.Reqres                                                     | PASS |
2 tests, 2 passed, 0 failed
==============================================================================
Testsuites                                                            | PASS |
2 tests, 2 passed, 0 failed
==============================================================================
Output:  C:\a\spriteCloud\spriteCloud\results\pabot_results\1\output.xml
